\BOOKMARK [1][-]{section*.1}{\376\377\004\022\004\062\004\065\004\064\004\065\004\075\004\070\004\065}{}% 1
\BOOKMARK [1][-]{section.1}{\376\377\004\042\004\065\004\076\004\100\004\065\004\102\004\070\004\107\004\065\004\101\004\072\004\060\004\117\000\040\004\107\004\060\004\101\004\102\004\114}{}% 2
\BOOKMARK [2][-]{subsection.1.1}{\376\377\004\040\004\060\004\101\004\101\004\074\004\060\004\102\004\100\004\070\004\062\004\060\004\065\004\074\004\113\004\065\000\040\004\074\004\076\004\064\004\065\004\073\004\070\000\040\004\064\004\070\004\075\004\060\004\074\004\070\004\072\004\070}{section.1}% 3
\BOOKMARK [3][-]{subsubsection.1.1.1}{\376\377\004\034\004\060\004\102\004\065\004\100\004\070\004\060\004\073\004\114\004\075\004\060\004\117\000\040\004\102\004\076\004\107\004\072\004\060}{subsection.1.1}% 4
\BOOKMARK [3][-]{subsubsection.1.1.2}{\376\377\004\032\004\076\004\077\004\102\004\065\004\100}{subsection.1.1}% 5
\BOOKMARK [2][-]{subsection.1.2}{\376\377\004\037\004\076\004\073\004\065\004\102\004\075\004\113\004\071\000\040\004\077\004\073\004\060\004\075}{section.1}% 6
\BOOKMARK [2][-]{subsection.1.3}{\376\377\004\037\004\030\004\024\000-\004\100\004\065\004\063\004\103\004\073\004\117\004\102\004\076\004\100}{section.1}% 7
\BOOKMARK [2][-]{subsection.1.4}{\376\377\004\037\004\076\004\101\004\102\004\100\004\076\004\065\004\075\004\070\004\065\000\040\004\100\004\065\004\063\004\103\004\073\004\117\004\102\004\076\004\100\004\060\000\040\004\064\004\073\004\117\000\040\004\074\004\060\004\102\004\065\004\100\004\070\004\060\004\073\004\114\004\075\004\076\004\071\000\040\004\102\004\076\004\107\004\072\004\070}{section.1}% 8
\BOOKMARK [2][-]{subsection.1.5}{\376\377\004\037\004\100\004\076\004\072\004\073\004\060\004\064\004\072\004\060\000\040\004\102\004\100\004\060\004\065\004\072\004\102\004\076\004\100\004\070\004\070\000\040\004\077\004\076\004\073\004\065\004\102\004\060}{section.1}% 9
\BOOKMARK [3][-]{subsubsection.1.5.1}{\376\377\000<\000<\004\035\004\060\004\070\004\062\004\075\004\060\004\117\000>\000>\000\040\004\077\004\100\004\076\004\072\004\073\004\060\004\064\004\072\004\060}{subsection.1.5}% 10
\BOOKMARK [3][-]{subsubsection.1.5.2}{\376\377\004\037\004\100\004\076\004\072\004\073\004\060\004\064\004\072\004\060\000\040\004\101\000\040\004\103\004\077\004\100\004\065\004\066\004\064\004\065\004\075\004\070\004\065\004\074\000\040\004\077\004\076\004\062\004\076\004\100\004\076\004\102\004\076\004\062}{subsection.1.5}% 11
\BOOKMARK [1][-]{section.2}{\376\377\004\037\004\100\004\060\004\072\004\102\004\070\004\107\004\065\004\101\004\072\004\060\004\117\000\040\004\107\004\060\004\101\004\102\004\114}{}% 12
\BOOKMARK [2][-]{subsection.2.1}{\376\377\004\022\004\101\004\077\004\076\004\074\004\076\004\063\004\060\004\102\004\065\004\073\004\114\004\075\004\113\004\065\000\040\004\072\004\073\004\060\004\101\004\101\004\113\000\040\004\070\000\040\004\074\004\065\004\102\004\076\004\064\004\113}{section.2}% 13
\BOOKMARK [2][-]{subsection.2.2}{\376\377\004\040\004\065\004\060\004\073\004\070\004\067\004\060\004\106\004\070\004\117\000\040\004\064\004\070\004\075\004\060\004\074\004\070\004\107\004\065\004\101\004\072\004\070\004\105\000\040\004\074\004\076\004\064\004\065\004\073\004\065\004\071}{section.2}% 14
\BOOKMARK [3][-]{subsubsection.2.2.1}{\376\377\004\034\004\060\004\102\004\065\004\100\004\070\004\060\004\073\004\114\004\075\004\060\004\117\000\040\004\102\004\076\004\107\004\072\004\060}{subsection.2.2}% 15
\BOOKMARK [3][-]{subsubsection.2.2.2}{\376\377\004\032\004\076\004\077\004\102\004\065\004\100}{subsection.2.2}% 16
\BOOKMARK [2][-]{subsection.2.3}{\376\377\004\022\004\113\004\107\004\070\004\101\004\073\004\065\004\075\004\070\004\065\000\040\000<\000<\004\110\004\102\004\103\004\100\004\074\004\060\004\075\004\101\004\072\004\076\004\071\000>\000>\000\040\004\077\004\100\004\076\004\072\004\073\004\060\004\064\004\072\004\070}{section.2}% 17
\BOOKMARK [3][-]{subsubsection.2.3.1}{\376\377\004\040\004\060\004\067\004\074\004\065\004\102\004\072\004\060\000\040\004\102\004\100\004\060\004\065\004\072\004\102\004\076\004\100\004\070\004\070}{subsection.2.3}% 18
\BOOKMARK [3][-]{subsubsection.2.3.2}{\376\377\004\022\004\113\004\107\004\070\004\101\004\073\004\065\004\075\004\070\004\065\000\040\004\077\004\100\004\076\004\072\004\073\004\060\004\064\004\072\004\070}{subsection.2.3}% 19
\BOOKMARK [3][-]{subsubsection.2.3.3}{\376\377\004\022\004\113\004\107\004\070\004\101\004\073\004\065\004\075\004\070\004\065\000\040\004\064\004\062\004\070\004\066\004\065\004\075\004\070\004\117}{subsection.2.3}% 20
\BOOKMARK [2][-]{subsection.2.4}{\376\377\004\040\004\065\004\067\004\103\004\073\004\114\004\102\004\060\004\102\004\113}{section.2}% 21
\BOOKMARK [1][-]{figure.caption.9}{\376\377\004\041\004\077\004\070\004\101\004\076\004\072\000\040\004\073\004\070\004\102\004\065\004\100\004\060\004\102\004\103\004\100\004\113}{}% 22
